{
  "RSpec": {
    "coverage": {
      "/Users/student/Documents/week-4/afternoon/ellis/bookmark_manager/app.rb": {
        "lines": [
          1,
          1,
          null,
          1,
          1,
          1,
          null,
          null,
          1,
          4,
          4,
          null,
          null,
          1,
          1,
          1,
          null,
          null,
          1,
          null
        ]
      },
      "/Users/student/Documents/week-4/afternoon/ellis/bookmark_manager/lib/bookmark.rb": {
        "lines": [
          1,
          null,
          1,
          1,
          6,
          null,
          6,
          6,
          null,
          0,
          null,
          null,
          6,
          6,
          8,
          null,
          null,
          6,
          null,
          null,
          1,
          2,
          2,
          null,
          0,
          null,
          null,
          2,
          null,
          null
        ]
      },
      "/Users/student/Documents/week-4/afternoon/ellis/bookmark_manager/spec/setup_test_database.rb": {
        "lines": [
          1,
          null,
          1,
          6,
          null,
          6,
          null,
          null,
          6,
          null
        ]
      },
      "/Users/student/Documents/week-4/afternoon/ellis/bookmark_manager/spec/features/add_bookmark_spec.rb": {
        "lines": [
          1,
          1,
          1,
          null,
          1,
          1,
          null,
          1,
          null,
          null
        ]
      },
      "/Users/student/Documents/week-4/afternoon/ellis/bookmark_manager/spec/features/viewing_bookmarks_spec.rb": {
        "lines": [
          1,
          1,
          1,
          1,
          null,
          null,
          1,
          1,
          1,
          null,
          null,
          1,
          1,
          null,
          1,
          1,
          1,
          null,
          1,
          1,
          1,
          1,
          null,
          null
        ]
      },
      "/Users/student/Documents/week-4/afternoon/ellis/bookmark_manager/spec/units/bookmark_spec.rb": {
        "lines": [
          1,
          null,
          1,
          1,
          1,
          null,
          1,
          null,
          null,
          1,
          1,
          1,
          null,
          1,
          null,
          1,
          1,
          1,
          null,
          null,
          null,
          1,
          1,
          1,
          1,
          null,
          null,
          null
        ]
      }
    },
    "timestamp": 1588772433
  }
}
